2018-02-06 21:18:31,145 DEBUG UserServlet [UserServlet.java:18] redirect to user
2018-02-06 21:18:36,656 DEBUG UserServlet [UserServlet.java:18] redirect to user
2018-02-06 21:18:39,670 DEBUG UserServlet [UserServlet.java:18] redirect to user
2018-02-06 21:18:42,676 DEBUG UserServlet [UserServlet.java:18] redirect to user
2018-02-06 21:59:10,407 DEBUG UserServlet [UserServlet.java:18] redirect to user
2018-02-06 22:02:03,224 DEBUG UserServlet [UserServlet.java:18] redirect to user
2018-02-06 22:02:08,391 DEBUG UserServlet [UserServlet.java:18] redirect to user
2018-02-06 22:04:50,436 DEBUG UserServlet [UserServlet.java:18] redirect to user
2018-02-06 22:04:55,366 DEBUG UserServlet [UserServlet.java:18] redirect to user
2018-02-06 22:06:46,435 INFO  MealServlet [MealServlet.java:21] getAll
2018-02-06 22:06:48,742 DEBUG UserServlet [UserServlet.java:18] redirect to user
2018-02-06 22:06:52,350 INFO  MealServlet [MealServlet.java:21] getAll
2018-02-06 22:07:00,294 INFO  MealServlet [MealServlet.java:21] getAll
2018-02-06 22:07:04,393 INFO  MealServlet [MealServlet.java:21] getAll
2018-02-06 22:09:11,373 DEBUG UserServlet [UserServlet.java:18] redirect to user
2018-02-06 22:09:14,094 INFO  MealServlet [MealServlet.java:21] getAll
2018-02-06 22:09:38,082 INFO  MealServlet [MealServlet.java:21] getAll
2018-02-06 22:10:23,808 INFO  MealServlet [MealServlet.java:21] getAll
2018-02-06 22:10:25,327 DEBUG UserServlet [UserServlet.java:18] redirect to user
2018-02-06 22:10:32,333 INFO  MealServlet [MealServlet.java:21] getAll
2018-02-06 22:10:35,439 DEBUG UserServlet [UserServlet.java:18] redirect to user
2018-02-06 22:10:38,210 INFO  MealServlet [MealServlet.java:21] getAll
2018-02-06 22:12:11,978 DEBUG UserServlet [UserServlet.java:18] redirect to user
2018-02-06 22:12:14,822 DEBUG UserServlet [UserServlet.java:18] redirect to user
2018-02-06 22:13:18,993 INFO  MealServlet [MealServlet.java:21] getAll
2018-02-07 11:52:47,294 DEBUG UserServlet [UserServlet.java:18] redirect to user
2018-02-07 11:52:49,875 INFO  MealServlet [MealServlet.java:21] getAll
2018-02-07 16:48:48,556 INFO  MealServlet [MealServlet.java:21] getAll
2018-02-07 16:48:54,830 DEBUG UserServlet [UserServlet.java:18] redirect to user
2018-02-08 20:09:03,012 INFO  MealServlet [MealServlet.java:21] getAll
2018-02-08 20:10:28,786 INFO  MealServlet [MealServlet.java:21] getAll
2018-02-08 20:10:33,302 DEBUG UserServlet [UserServlet.java:18] redirect to user
2018-02-08 20:19:50,823 INFO  MealServlet [MealServlet.java:21] getAll
2018-02-08 20:19:58,239 DEBUG UserServlet [UserServlet.java:18] redirect to user
2018-02-08 20:20:15,256 INFO  MealServlet [MealServlet.java:21] getAll
2018-02-08 20:21:09,293 INFO  MealServlet [MealServlet.java:21] getAll
2018-02-08 20:21:13,661 INFO  MealServlet [MealServlet.java:21] getAll
2018-02-08 20:25:54,184 INFO  MealServlet [MealServlet.java:21] getAll
2018-02-08 20:26:02,893 DEBUG UserServlet [UserServlet.java:18] redirect to user
2018-02-08 20:37:57,725 INFO  MealServlet [MealServlet.java:21] getAll
2018-02-08 20:41:16,472 INFO  MealServlet [MealServlet.java:21] getAll
2018-02-08 20:43:11,301 DEBUG UserServlet [UserServlet.java:18] redirect to user
2018-02-08 20:43:14,013 INFO  MealServlet [MealServlet.java:21] getAll
2018-02-08 21:21:02,394 INFO  MealServlet [MealServlet.java:21] getAll
2018-02-08 21:21:06,196 DEBUG UserServlet [UserServlet.java:18] redirect to user
2018-02-08 21:21:08,927 DEBUG UserServlet [UserServlet.java:18] redirect to user
2018-02-08 21:21:51,375 INFO  MealServlet [MealServlet.java:21] getAll
2018-02-08 21:35:06,927 INFO  MealServlet [MealServlet.java:63] getAll
2018-02-08 21:35:18,328 INFO  MealServlet [MealServlet.java:49] Delete 1
2018-02-08 21:35:18,349 INFO  MealServlet [MealServlet.java:63] getAll
2018-02-08 21:37:07,987 INFO  MealServlet [MealServlet.java:37] Update Meal{id=2, dateTime=2017-12-29T13:00, description='Oliv'e and pivasik', calories=1000}
2018-02-08 21:37:07,997 INFO  MealServlet [MealServlet.java:63] getAll
2018-02-08 21:37:27,985 INFO  MealServlet [MealServlet.java:37] Update Meal{id=3, dateTime=2017-12-29T20:00, description='Grenki', calories=500}
2018-02-08 21:37:28,000 INFO  MealServlet [MealServlet.java:63] getAll
2018-02-08 21:37:45,035 DEBUG UserServlet [UserServlet.java:18] redirect to user
2018-02-08 21:37:53,176 INFO  MealServlet [MealServlet.java:63] getAll
2018-02-08 21:38:59,265 INFO  MealServlet [MealServlet.java:37] Update Meal{id=2, dateTime=2017-12-29T13:00, description='Dinner', calories=1000}
2018-02-08 21:38:59,277 INFO  MealServlet [MealServlet.java:63] getAll
2018-02-08 21:39:46,920 INFO  MealServlet [MealServlet.java:37] Update Meal{id=3, dateTime=2017-12-29T20:00, description='Breakfast ', calories=500}
2018-02-08 21:39:46,932 INFO  MealServlet [MealServlet.java:63] getAll
2018-02-08 21:41:11,721 INFO  MealServlet [MealServlet.java:37] Update Meal{id=4, dateTime=2018-02-08T21:41, description='Завтрак', calories=1000}
2018-02-08 21:41:11,734 INFO  MealServlet [MealServlet.java:63] getAll
2018-02-08 21:41:17,397 INFO  MealServlet [MealServlet.java:37] Update Meal{id=3, dateTime=2017-12-29T20:00, description='Breakfast ', calories=500}
2018-02-08 21:41:17,408 INFO  MealServlet [MealServlet.java:63] getAll
2018-02-12 22:47:39,774 INFO  MealServlet [MealServlet.java:63] getAll
2018-02-15 16:00:28,984 INFO  MealServlet [MealServlet.java:63] getAll
2018-02-15 16:04:11,579 INFO  MealServlet [MealServlet.java:37] Create Meal{id=null, dateTime=2018-02-11T06:00, description='breackfast', calories=1000}
2018-02-15 16:04:11,599 INFO  MealServlet [MealServlet.java:63] getAll
2018-02-15 16:04:52,632 INFO  MealServlet [MealServlet.java:37] Update Meal{id=6, dateTime=2018-10-02T08:00, description='Br', calories=510}
2018-02-15 16:04:52,647 INFO  MealServlet [MealServlet.java:63] getAll
2018-02-15 16:05:12,189 INFO  MealServlet [MealServlet.java:37] Update Meal{id=6, dateTime=2018-10-02T08:00, description='breackfast', calories=700}
2018-02-15 16:05:12,202 INFO  MealServlet [MealServlet.java:63] getAll
2018-02-15 16:05:37,605 INFO  MealServlet [MealServlet.java:37] Update Meal{id=5, dateTime=2017-12-30T13:00, description='dinner', calories=500}
2018-02-15 16:05:37,617 INFO  MealServlet [MealServlet.java:63] getAll
2018-02-15 16:06:29,279 INFO  MealServlet [MealServlet.java:37] Update Meal{id=2, dateTime=2017-12-29T13:00, description='lunch', calories=1000}
2018-02-15 16:06:29,297 INFO  MealServlet [MealServlet.java:63] getAll
2018-02-15 16:07:57,037 INFO  MealServlet [MealServlet.java:37] Update Meal{id=3, dateTime=2017-12-29T21:05, description='cocktail', calories=500}
2018-02-15 16:07:57,050 INFO  MealServlet [MealServlet.java:63] getAll
2018-02-15 16:09:06,840 INFO  MealServlet [MealServlet.java:37] Update Meal{id=4, dateTime=2018-02-01T08:00, description='breackfast', calories=1000}
2018-02-15 16:09:06,853 INFO  MealServlet [MealServlet.java:63] getAll
2018-02-15 16:10:02,437 INFO  MealServlet [MealServlet.java:37] Update Meal{id=1, dateTime=2018-12-12T13:00, description='lunch', calories=500}
2018-02-15 16:10:02,449 INFO  MealServlet [MealServlet.java:63] getAll
2018-02-15 16:10:27,390 INFO  MealServlet [MealServlet.java:37] Update Meal{id=3, dateTime=2018-02-11T21:05, description='cocktail', calories=500}
2018-02-15 16:10:27,402 INFO  MealServlet [MealServlet.java:63] getAll
2018-02-15 16:11:11,405 INFO  MealServlet [MealServlet.java:37] Update Meal{id=5, dateTime=2018-02-05T20:00, description='dinner', calories=600}
2018-02-15 16:11:11,418 INFO  MealServlet [MealServlet.java:63] getAll
2018-02-15 20:44:02,222 INFO  ClassPathXmlApplicationContext [AbstractApplicationContext.java:589] Refreshing org.springframework.context.support.ClassPathXmlApplicationContext@475530b9: startup date [Thu Feb 15 20:44:02 EET 2018]; root of context hierarchy
2018-02-15 20:44:02,769 INFO  XmlBeanDefinitionReader [XmlBeanDefinitionReader.java:316] Loading XML bean definitions from class path resource [spring/spring-app.xml]
2018-02-15 20:44:04,040 INFO  MockUserRepositoryImpl [MockUserRepositoryImpl.java:39] getAll
2018-02-15 20:44:04,041 INFO  ClassPathXmlApplicationContext [AbstractApplicationContext.java:989] Closing org.springframework.context.support.ClassPathXmlApplicationContext@475530b9: startup date [Thu Feb 15 20:44:02 EET 2018]; root of context hierarchy
2018-02-15 21:12:39,465 INFO  ClassPathXmlApplicationContext [AbstractApplicationContext.java:589] Refreshing org.springframework.context.support.ClassPathXmlApplicationContext@475530b9: startup date [Thu Feb 15 21:12:39 EET 2018]; root of context hierarchy
2018-02-15 21:12:39,696 INFO  XmlBeanDefinitionReader [XmlBeanDefinitionReader.java:316] Loading XML bean definitions from class path resource [spring/spring-app.xml]
2018-02-15 21:12:40,356 INFO  MockUserRepositoryImpl [MockUserRepositoryImpl.java:39] getAll
2018-02-15 21:12:40,359 INFO  MockUserRepositoryImpl [MockUserRepositoryImpl.java:15] save User{email='null', password='null', registred_time=Thu Feb 15 21:12:40 EET 2018, roles=null, calories_per_day=0, enabled_or=true} 
2018-02-15 21:12:40,363 INFO  ClassPathXmlApplicationContext [AbstractApplicationContext.java:989] Closing org.springframework.context.support.ClassPathXmlApplicationContext@475530b9: startup date [Thu Feb 15 21:12:39 EET 2018]; root of context hierarchy
2018-02-15 21:56:08,384 INFO  ClassPathXmlApplicationContext [AbstractApplicationContext.java:589] Refreshing org.springframework.context.support.ClassPathXmlApplicationContext@475530b9: startup date [Thu Feb 15 21:56:08 EET 2018]; root of context hierarchy
2018-02-15 21:56:08,836 INFO  XmlBeanDefinitionReader [XmlBeanDefinitionReader.java:316] Loading XML bean definitions from class path resource [spring/spring-app.xml]
2018-02-15 21:57:21,661 INFO  MealServlet [MealServlet.java:63] getAll
2018-02-15 21:57:23,327 INFO  MealServlet [MealServlet.java:63] getAll
2018-02-15 21:57:30,317 INFO  MealServlet [MealServlet.java:63] getAll
2018-02-15 21:57:38,093 DEBUG UserServlet [UserServlet.java:18] redirect to user
2018-02-15 21:57:42,566 INFO  MealServlet [MealServlet.java:63] getAll
2018-02-15 21:58:07,341 INFO  ClassPathXmlApplicationContext [AbstractApplicationContext.java:589] Refreshing org.springframework.context.support.ClassPathXmlApplicationContext@475530b9: startup date [Thu Feb 15 21:58:07 EET 2018]; root of context hierarchy
2018-02-15 21:58:07,539 INFO  XmlBeanDefinitionReader [XmlBeanDefinitionReader.java:316] Loading XML bean definitions from class path resource [spring/spring-app.xml]
2018-02-15 21:58:23,892 INFO  MealServlet [MealServlet.java:63] getAll
2018-02-15 21:59:34,040 INFO  MealServlet [MealServlet.java:63] getAll
2018-02-15 21:59:37,072 DEBUG UserServlet [UserServlet.java:18] redirect to user
2018-02-15 22:02:13,269 INFO  MealServlet [MealServlet.java:63] getAll
2018-02-15 22:02:14,330 INFO  MealServlet [MealServlet.java:63] getAll
2018-02-15 22:02:24,892 DEBUG UserServlet [UserServlet.java:18] redirect to user
2018-02-15 22:02:28,428 INFO  MealServlet [MealServlet.java:63] getAll
2018-02-20 21:43:29,457 DEBUG UserServlet [UserServlet.java:18] redirect to user
2018-02-20 21:43:34,543 DEBUG UserServlet [UserServlet.java:18] redirect to user
2018-02-20 21:43:37,476 INFO  MealServlet [MealServlet.java:64] getAll
2018-02-20 22:01:37,361 INFO  MealServlet [MealServlet.java:64] getAll
